Arguments: 
  C:\Program Files\nodejs\node.exe C:\Program Files\nodejs\node_modules\yarn\bin\yarn.js publish --access public

PATH: 
  C:\Users\Yeasin\bin;C:\Program Files\Git\mingw64\bin;C:\Program Files\Git\usr\local\bin;C:\Program Files\Git\usr\bin;C:\Program Files\Git\usr\bin;C:\Program Files\Git\mingw64\bin;C:\Program Files\Git\usr\bin;C:\Users\Yeasin\bin;C:\Windows\system32;C:\Windows;C:\Windows\System32\Wbem;C:\Windows\System32\WindowsPowerShell\v1.0;C:\Windows\System32\OpenSSH;C:\Program Files\Git\cmd;C:\src\watchman-v2023.01.30.00-windows\bin;C:\Users\Yeasin\AppData\Roaming\nvm;C:\Program Files\nodejs;C:\Users\Yeasin\AppData\Local\pnpm;C:\Users\Yeasin\AppData\Local\Programs\Python\Python311\Scripts;C:\Users\Yeasin\AppData\Local\Programs\Python\Python311;C:\Users\Yeasin\AppData\Local\Microsoft\WindowsApps;C:\Users\Yeasin\AppData\Local\Programs\Microsoft VS Code\bin;C:\Users\Yeasin\go\bin;C:\src\flutter\bin;C:\Users\Yeasin\.fly\bin;C:\Users\Yeasin\AppData\Local\Android\Sdk\platform-tools;C:\Program Files\OpenSSL-Win64\bin;C:\Program Files\Java\jdk-20\bin;C:\MinGW\bin;C:\Program Files\mongosh-1.9.0-win32-x64\bin;C:\install\caddy;C:\Program Files\Git\usr\bin\vendor_perl;C:\Program Files\Git\usr\bin\core_perl

Yarn version: 
  1.22.19

Node version: 
  18.15.0

Platform: 
  win32 x64

Trace: 
  Error: https://registry.npmjs.org/-/user/org.couchdb.user:yeasiin: Auth rate limited
      at params.callback [as _callback] (C:\Users\Yeasin\AppData\Roaming\nvm\v18.15.0\node_modules\yarn\lib\cli.js:66154:18)
      at self.callback (C:\Users\Yeasin\AppData\Roaming\nvm\v18.15.0\node_modules\yarn\lib\cli.js:140890:22)
      at Request.emit (node:events:513:28)
      at Request.<anonymous> (C:\Users\Yeasin\AppData\Roaming\nvm\v18.15.0\node_modules\yarn\lib\cli.js:141862:10)
      at Request.emit (node:events:513:28)
      at IncomingMessage.<anonymous> (C:\Users\Yeasin\AppData\Roaming\nvm\v18.15.0\node_modules\yarn\lib\cli.js:141784:12)
      at Object.onceWrapper (node:events:627:28)
      at IncomingMessage.emit (node:events:525:35)
      at endReadableNT (node:internal/streams/readable:1359:12)
      at process.processTicksAndRejections (node:internal/process/task_queues:82:21)

npm manifest: 
  {
    "name": "zodsimpleerror",
    "version": "0.0.10",
    "description": "",
    "main": "lib/index.js",
    "scripts": {
      "build": "tsc -p tsconfig.json",
      "test": "echo \"Error: no test specified\" && exit 1"
    },
    "keywords": [],
    "author": "",
    "license": "ISC",
    "devDependencies": {
      "@types/node": "^20.5.9",
      "typescript": "^5.2.2",
      "zod": "^3.22.2"
    }
  }

yarn manifest: 
  No manifest

Lockfile: 
  # THIS IS AN AUTOGENERATED FILE. DO NOT EDIT THIS FILE DIRECTLY.
  # yarn lockfile v1
  
  
  "@types/node@^20.5.9":
    version "20.5.9"
    resolved "https://registry.yarnpkg.com/@types/node/-/node-20.5.9.tgz#a70ec9d8fa0180a314c3ede0e20ea56ff71aed9a"
    integrity sha512-PcGNd//40kHAS3sTlzKB9C9XL4K0sTup8nbG5lC14kzEteTNuAFh9u5nA0o5TWnSG2r/JNPRXFVcHJIIeRlmqQ==
  
  typescript@^5.2.2:
    version "5.2.2"
    resolved "https://registry.yarnpkg.com/typescript/-/typescript-5.2.2.tgz#5ebb5e5a5b75f085f22bc3f8460fba308310fa78"
    integrity sha512-mI4WrpHsbCIcwT9cF4FZvr80QUeKvsUsUvKDoR+X/7XHQH98xYD8YHZg7ANtz2GtZt/CBq2QJ0thkGJMHfqc1w==
  
  zod@^3.22.2:
    version "3.22.2"
    resolved "https://registry.yarnpkg.com/zod/-/zod-3.22.2.tgz#3add8c682b7077c05ac6f979fea6998b573e157b"
    integrity sha512-wvWkphh5WQsJbVk1tbx1l1Ly4yg+XecD+Mq280uBGt9wa5BKSWf4Mhp6GmrkPixhMxmabYY7RbzlwVP32pbGCg==
